<?xml version="1.0" encoding="UTF-8"?>
<!-- Generated by org.testng.reporters.JUnitReportReporter -->
<testsuite hostname="LAPTOP-ITG5HSF2" failures="0" tests="1" name="rahulshettyacademy.TestComponents.StandAloneTest" time="16.367" errors="0" timestamp="2024-08-14T09:08:01 IST" skipped="0">
  <testcase classname="rahulshettyacademy.TestComponents.StandAloneTest" name="submitOrder" time="16.367"/>
</testsuite> <!-- rahulshettyacademy.TestComponents.StandAloneTest -->
